<?xml version="1.0" encoding="UTF-8"?>
<testng-results ignored="0" total="4" passed="3" failed="1" skipped="0">
  <reporter-output>
  </reporter-output>
  <suite started-at="2022-01-19T16:23:54Z" name="Suite" finished-at="2022-01-19T16:27:42Z" duration-ms="227906">
    <groups>
    </groups>
    <test started-at="2022-01-19T16:23:54Z" name="Test" finished-at="2022-01-19T16:27:42Z" duration-ms="227906">
      <class name="testcases.aiconfigsitepagetest">
        <test-method is-config="true" signature="setup()[pri:0, instance:testcases.aiconfigsitepagetest@59cba5a]" started-at="2022-01-19T21:53:54Z" name="setup" finished-at="2022-01-19T21:54:29Z" duration-ms="35218" status="PASS">
          <reporter-output>
          </reporter-output>
        </test-method> <!-- setup -->
        <test-method signature="TC3()[pri:0, instance:testcases.aiconfigsitepagetest@59cba5a]" started-at="2022-01-19T21:54:29Z" name="TC3" finished-at="2022-01-19T21:55:13Z" duration-ms="43846" status="FAIL">
          <exception class="java.lang.AssertionError">
            <message>
              <![CDATA[Site was not added Sucessfully expected [http://3.109.160.64:4201/aiconfig/site/list] but found [http://3.109.160.64:4201/aiconfig/site/add]]]>
            </message>
            <full-stacktrace>
              <![CDATA[java.lang.AssertionError: Site was not added Sucessfully expected [http://3.109.160.64:4201/aiconfig/site/list] but found [http://3.109.160.64:4201/aiconfig/site/add]
	at org.testng.Assert.fail(Assert.java:93)
	at org.testng.Assert.failNotEquals(Assert.java:512)
	at org.testng.Assert.assertEqualsImpl(Assert.java:134)
	at org.testng.Assert.assertEquals(Assert.java:115)
	at org.testng.Assert.assertEquals(Assert.java:189)
	at com.vueaudit.qa.pages.aiconfigAddSite.addsite(aiconfigAddSite.java:63)
	at testcases.aiconfigsitepagetest.TC3(aiconfigsitepagetest.java:44)
	at java.base/jdk.internal.reflect.NativeMethodAccessorImpl.invoke0(Native Method)
	at java.base/jdk.internal.reflect.NativeMethodAccessorImpl.invoke(NativeMethodAccessorImpl.java:62)
	at java.base/jdk.internal.reflect.DelegatingMethodAccessorImpl.invoke(DelegatingMethodAccessorImpl.java:43)
	at java.base/java.lang.reflect.Method.invoke(Method.java:566)
	at org.testng.internal.MethodInvocationHelper.invokeMethod(MethodInvocationHelper.java:108)
	at org.testng.internal.Invoker.invokeMethod(Invoker.java:661)
	at org.testng.internal.Invoker.invokeTestMethod(Invoker.java:869)
	at org.testng.internal.Invoker.invokeTestMethods(Invoker.java:1193)
	at org.testng.internal.TestMethodWorker.invokeTestMethods(TestMethodWorker.java:126)
	at org.testng.internal.TestMethodWorker.run(TestMethodWorker.java:109)
	at org.testng.TestRunner.privateRun(TestRunner.java:744)
	at org.testng.TestRunner.run(TestRunner.java:602)
	at org.testng.SuiteRunner.runTest(SuiteRunner.java:380)
	at org.testng.SuiteRunner.runSequentially(SuiteRunner.java:375)
	at org.testng.SuiteRunner.privateRun(SuiteRunner.java:340)
	at org.testng.SuiteRunner.run(SuiteRunner.java:289)
	at org.testng.SuiteRunnerWorker.runSuite(SuiteRunnerWorker.java:52)
	at org.testng.SuiteRunnerWorker.run(SuiteRunnerWorker.java:86)
	at org.testng.TestNG.runSuitesSequentially(TestNG.java:1301)
	at org.testng.TestNG.runSuitesLocally(TestNG.java:1226)
	at org.testng.TestNG.runSuites(TestNG.java:1144)
	at org.testng.TestNG.run(TestNG.java:1115)
	at org.testng.remote.AbstractRemoteTestNG.run(AbstractRemoteTestNG.java:115)
	at org.testng.remote.RemoteTestNG.initAndRun(RemoteTestNG.java:251)
	at org.testng.remote.RemoteTestNG.main(RemoteTestNG.java:77)
]]>
            </full-stacktrace>
          </exception> <!-- java.lang.AssertionError -->
          <reporter-output>
          </reporter-output>
        </test-method> <!-- TC3 -->
        <test-method is-config="true" signature="teardownmethod()[pri:0, instance:testcases.aiconfigsitepagetest@59cba5a]" started-at="2022-01-19T21:55:13Z" name="teardownmethod" finished-at="2022-01-19T21:55:27Z" duration-ms="14143" status="PASS">
          <reporter-output>
          </reporter-output>
        </test-method> <!-- teardownmethod -->
        <test-method is-config="true" signature="setup()[pri:0, instance:testcases.aiconfigsitepagetest@59cba5a]" started-at="2022-01-19T21:55:27Z" name="setup" finished-at="2022-01-19T21:55:45Z" duration-ms="17738" status="PASS">
          <reporter-output>
          </reporter-output>
        </test-method> <!-- setup -->
        <test-method signature="TC4()[pri:0, instance:testcases.aiconfigsitepagetest@59cba5a]" started-at="2022-01-19T21:55:45Z" name="TC4" finished-at="2022-01-19T21:56:07Z" duration-ms="22541" status="PASS">
          <reporter-output>
          </reporter-output>
        </test-method> <!-- TC4 -->
        <test-method is-config="true" signature="teardownmethod()[pri:0, instance:testcases.aiconfigsitepagetest@59cba5a]" started-at="2022-01-19T21:56:07Z" name="teardownmethod" finished-at="2022-01-19T21:56:26Z" duration-ms="18489" status="PASS">
          <reporter-output>
          </reporter-output>
        </test-method> <!-- teardownmethod -->
      </class> <!-- testcases.aiconfigsitepagetest -->
      <class name="testcases.aiconfigLoginPageTest">
        <test-method is-config="true" signature="setup()[pri:0, instance:testcases.aiconfigLoginPageTest@3d246ea3]" started-at="2022-01-19T21:56:26Z" name="setup" finished-at="2022-01-19T21:56:45Z" duration-ms="19561" status="PASS">
          <reporter-output>
          </reporter-output>
        </test-method> <!-- setup -->
        <test-method signature="TC1()[pri:1, instance:testcases.aiconfigLoginPageTest@3d246ea3]" started-at="2022-01-19T21:56:45Z" name="TC1" finished-at="2022-01-19T21:56:54Z" duration-ms="8681" status="PASS">
          <reporter-output>
          </reporter-output>
        </test-method> <!-- TC1 -->
        <test-method is-config="true" signature="setup()[pri:0, instance:testcases.aiconfigLoginPageTest@3d246ea3]" started-at="2022-01-19T21:56:54Z" name="setup" finished-at="2022-01-19T21:57:34Z" duration-ms="40218" status="PASS">
          <reporter-output>
          </reporter-output>
        </test-method> <!-- setup -->
        <test-method signature="TC2()[pri:2, instance:testcases.aiconfigLoginPageTest@3d246ea3]" started-at="2022-01-19T21:57:34Z" name="TC2" finished-at="2022-01-19T21:57:42Z" depends-on-methods="testcases.aiconfigLoginPageTest.TC1" duration-ms="7296" status="PASS">
          <reporter-output>
          </reporter-output>
        </test-method> <!-- TC2 -->
      </class> <!-- testcases.aiconfigLoginPageTest -->
    </test> <!-- Test -->
  </suite> <!-- Suite -->
</testng-results>
